<?xml version="1.0" encoding="UTF-8"?>
<!-- Generated by org.testng.reporters.JUnitReportReporter -->
<testsuite hostname="DS4UW864-JAVA02" failures="0" tests="1" name="org.example.testcases.TestCase_02" time="11.678" errors="0" timestamp="2023-02-02T13:58:22 IST" skipped="0">
  <testcase classname="org.example.testcases.TestCase_02" name="testing" time="11.678"/>
  <system-out/>
</testsuite> <!-- org.example.testcases.TestCase_02 -->
